BST scalability + correctness report
Max OMP threads available: 32
Inputs scanned: 8 in inputs/

=== ops_fromempty_small.txt (mode=fromempty, init=0, attack=10000) ===
Threads  | Time(s)    | Speedup  | Efficiency | Correctness
---------+------------+----------+------------+----------------------
serial   | 0.0034     | 1.000    | --         | reference
1        | 0.0035     | 0.989    | 0.989      | OK (inorder match, 8000 nodes)
2        | 0.0044     | 0.778    | 0.389      | OK (inorder match, 8000 nodes)
4        | 0.0058     | 0.595    | 0.149      | OK (inorder match, 8000 nodes)
8        | 0.0079     | 0.433    | 0.054      | OK (inorder match, 8000 nodes)
16       | 0.0086     | 0.398    | 0.025      | OK (inorder match, 8000 nodes)

=== ops_bta_small.txt (mode=buildthenattack, init=10000, attack=10000) ===
Threads  | Time(s)    | Speedup  | Efficiency | Correctness
---------+------------+----------+------------+----------------------
serial   | 0.0048     | 1.000    | --         | reference
1        | 0.0048     | 1.014    | 1.014      | OK (inorder match, 10000 nodes)
2        | 0.0053     | 0.908    | 0.454      | OK (inorder match, 10000 nodes)
4        | 0.0067     | 0.721    | 0.180      | OK (inorder match, 10000 nodes)
8        | 0.0102     | 0.477    | 0.060      | OK (inorder match, 10000 nodes)
16       | 0.0113     | 0.427    | 0.027      | OK (inorder match, 10000 nodes)

=== ops_fromempty_medium.txt (mode=fromempty, init=0, attack=500000) ===
Threads  | Time(s)    | Speedup  | Efficiency | Correctness
---------+------------+----------+------------+----------------------
serial   | 0.2711     | 1.000    | --         | reference
1        | 0.2685     | 1.010    | 1.010      | OK (inorder match, 400000 nodes)
2        | 0.2996     | 0.905    | 0.452      | OK (inorder match, 400000 nodes)
4        | 0.2082     | 1.302    | 0.326      | OK (inorder match, 400000 nodes)
8        | 0.3269     | 0.829    | 0.104      | OK (inorder match, 400000 nodes)
16       | 0.4676     | 0.580    | 0.036      | OK (inorder match, 400000 nodes)

=== ops_bta_medium.txt (mode=buildthenattack, init=500000, attack=500000) ===
Threads  | Time(s)    | Speedup  | Efficiency | Correctness
---------+------------+----------+------------+----------------------
serial   | 0.4923     | 1.000    | --         | reference
1        | 0.4869     | 1.011    | 1.011      | OK (inorder match, 500000 nodes)
2        | 0.4369     | 1.127    | 0.563      | OK (inorder match, 500000 nodes)
4        | 0.2756     | 1.786    | 0.447      | OK (inorder match, 500000 nodes)
8        | 0.2193     | 2.245    | 0.281      | OK (inorder match, 500000 nodes)
16       | 0.5412     | 0.910    | 0.057      | OK (inorder match, 500000 nodes)

=== ops_fromempty_large.txt (mode=fromempty, init=0, attack=5000000) ===
Threads  | Time(s)    | Speedup  | Efficiency | Correctness
---------+------------+----------+------------+----------------------
serial   | 5.1653     | 1.000    | --         | reference
1        | 5.0380     | 1.025    | 1.025      | OK (inorder match, 4000000 nodes)
2        | 7.7259     | 0.669    | 0.334      | OK (inorder match, 4000000 nodes)
4        | 4.3915     | 1.176    | 0.294      | OK (inorder match, 4000000 nodes)
8        | 3.0741     | 1.680    | 0.210      | OK (inorder match, 4000000 nodes)
16       | 4.1356     | 1.249    | 0.078      | OK (inorder match, 4000000 nodes)

=== ops_bta_large.txt (mode=buildthenattack, init=2000000, attack=5000000) ===
Threads  | Time(s)    | Speedup  | Efficiency | Correctness
---------+------------+----------+------------+----------------------
serial   | 6.7181     | 1.000    | --         | reference
1        | 6.4925     | 1.035    | 1.035      | OK (inorder match, 2000000 nodes)
2        | 8.8500     | 0.759    | 0.380      | OK (inorder match, 2000000 nodes)
4        | 3.6651     | 1.833    | 0.458      | OK (inorder match, 2000000 nodes)
8        | 3.5721     | 1.881    | 0.235      | OK (inorder match, 2000000 nodes)
16       | 4.9842     | 1.348    | 0.084      | OK (inorder match, 2000000 nodes)

=== ops_fromempty_heavy.txt (mode=fromempty, init=0, attack=20000000) ===
Threads  | Time(s)    | Speedup  | Efficiency | Correctness
---------+------------+----------+------------+----------------------
serial   | 30.0088    | 1.000    | --         | reference
1        | 28.5656    | 1.051    | 1.051      | OK (inorder match, 16000000 nodes)
2        | 25.0395    | 1.198    | 0.599      | OK (inorder match, 16000000 nodes)
4        | 19.8624    | 1.511    | 0.378      | OK (inorder match, 16000000 nodes)
8        | 13.5353    | 2.217    | 0.277      | OK (inorder match, 16000000 nodes)
16       | 17.8582    | 1.680    | 0.105      | OK (inorder match, 16000000 nodes)

=== ops_bta_heavy.txt (mode=buildthenattack, init=5000000, attack=18999999) ===
Threads  | Time(s)    | Speedup  | Efficiency | Correctness
---------+------------+----------+------------+----------------------
serial   | 30.9397    | 1.000    | --         | reference
1        | 30.4930    | 1.015    | 1.015      | OK (inorder match, 6000001 nodes)
2        | 23.7991    | 1.300    | 0.650      | OK (inorder match, 6000001 nodes)
4        | 21.1993    | 1.459    | 0.365      | OK (inorder match, 6000001 nodes)
8        | 15.5627    | 1.988    | 0.249      | OK (inorder match, 6000001 nodes)
16       | 22.1558    | 1.396    | 0.087      | OK (inorder match, 6000001 nodes)
